[2024-10-15T15:12:12.966+0000] {local_task_job_runner.py:123} INFO - ::group::Pre task execution logs
[2024-10-15T15:12:12.978+0000] {taskinstance.py:2612} INFO - Dependencies all met for dep_context=non-requeueable deps ti=<TaskInstance: DAG_Airflow__Ni_Hao_Ma.wo_hen_hao manual__2024-10-15T15:12:09.771901+00:00 [queued]>
[2024-10-15T15:12:12.984+0000] {taskinstance.py:2612} INFO - Dependencies all met for dep_context=requeueable deps ti=<TaskInstance: DAG_Airflow__Ni_Hao_Ma.wo_hen_hao manual__2024-10-15T15:12:09.771901+00:00 [queued]>
[2024-10-15T15:12:12.986+0000] {taskinstance.py:2865} INFO - Starting attempt 1 of 2
[2024-10-15T15:12:12.994+0000] {taskinstance.py:2888} INFO - Executing <Task(BashOperator): wo_hen_hao> on 2024-10-15 15:12:09.771901+00:00
[2024-10-15T15:12:13.001+0000] {logging_mixin.py:190} WARNING - /home/***/.local/lib/python3.12/site-packages/***/task/task_runner/standard_task_runner.py:70 DeprecationWarning: This process (pid=871) is multi-threaded, use of fork() may lead to deadlocks in the child.
[2024-10-15T15:12:13.001+0000] {standard_task_runner.py:104} INFO - Running: ['***', 'tasks', 'run', 'DAG_Airflow__Ni_Hao_Ma', 'wo_hen_hao', 'manual__2024-10-15T15:12:09.771901+00:00', '--job-id', '5', '--raw', '--subdir', 'DAGS_FOLDER/DAG_Airflow_test_01.py', '--cfg-path', '/tmp/tmpo2pc52si']
[2024-10-15T15:12:13.004+0000] {standard_task_runner.py:72} INFO - Started process 872 to run task
[2024-10-15T15:12:13.006+0000] {standard_task_runner.py:105} INFO - Job 5: Subtask wo_hen_hao
[2024-10-15T15:12:13.027+0000] {logging_mixin.py:190} WARNING - /home/***/.local/lib/python3.12/site-packages/***/settings.py:209 DeprecationWarning: The sql_alchemy_conn option in [core] has been moved to the sql_alchemy_conn option in [database] - the old setting has been used, but please update your config.
[2024-10-15T15:12:13.066+0000] {task_command.py:467} INFO - Running <TaskInstance: DAG_Airflow__Ni_Hao_Ma.wo_hen_hao manual__2024-10-15T15:12:09.771901+00:00 [running]> on host fde4844d93b8
[2024-10-15T15:12:13.129+0000] {taskinstance.py:3131} INFO - Exporting env vars: AIRFLOW_CTX_DAG_OWNER='de@***' AIRFLOW_CTX_DAG_ID='DAG_Airflow__Ni_Hao_Ma' AIRFLOW_CTX_TASK_ID='wo_hen_hao' AIRFLOW_CTX_EXECUTION_DATE='2024-10-15T15:12:09.771901+00:00' AIRFLOW_CTX_TRY_NUMBER='1' AIRFLOW_CTX_DAG_RUN_ID='manual__2024-10-15T15:12:09.771901+00:00'
[2024-10-15T15:12:13.131+0000] {taskinstance.py:731} INFO - ::endgroup::
[2024-10-15T15:12:13.134+0000] {subprocess.py:63} INFO - Tmp dir root location: /tmp
[2024-10-15T15:12:13.137+0000] {subprocess.py:75} INFO - Running command: ['/usr/bin/bash', '-c', "echo 'Wo Hen Hao!' Airflow 2.10.2 2024-10-15"]
[2024-10-15T15:12:13.143+0000] {subprocess.py:86} INFO - Output:
[2024-10-15T15:12:13.146+0000] {subprocess.py:93} INFO - Wo Hen Hao! Airflow 2.10.2 2024-10-15
[2024-10-15T15:12:13.147+0000] {subprocess.py:97} INFO - Command exited with return code 0
[2024-10-15T15:12:13.166+0000] {taskinstance.py:340} INFO - ::group::Post task execution logs
[2024-10-15T15:12:13.168+0000] {taskinstance.py:352} INFO - Marking task as SUCCESS. dag_id=DAG_Airflow__Ni_Hao_Ma, task_id=wo_hen_hao, run_id=manual__2024-10-15T15:12:09.771901+00:00, execution_date=20241015T151209, start_date=20241015T151212, end_date=20241015T151213
[2024-10-15T15:12:13.185+0000] {local_task_job_runner.py:266} INFO - Task exited with return code 0
[2024-10-15T15:12:13.205+0000] {taskinstance.py:3900} INFO - 0 downstream tasks scheduled from follow-on schedule check
[2024-10-15T15:12:13.208+0000] {local_task_job_runner.py:245} INFO - ::endgroup::
