[2024-10-15T15:12:11.889+0000] {local_task_job_runner.py:123} INFO - ::group::Pre task execution logs
[2024-10-15T15:12:11.899+0000] {taskinstance.py:2612} INFO - Dependencies all met for dep_context=non-requeueable deps ti=<TaskInstance: DAG_Airflow__Ni_Hao_Ma.ni_hao_ma manual__2024-10-15T15:12:09.771901+00:00 [queued]>
[2024-10-15T15:12:11.905+0000] {taskinstance.py:2612} INFO - Dependencies all met for dep_context=requeueable deps ti=<TaskInstance: DAG_Airflow__Ni_Hao_Ma.ni_hao_ma manual__2024-10-15T15:12:09.771901+00:00 [queued]>
[2024-10-15T15:12:11.906+0000] {taskinstance.py:2865} INFO - Starting attempt 1 of 2
[2024-10-15T15:12:11.914+0000] {taskinstance.py:2888} INFO - Executing <Task(BashOperator): ni_hao_ma> on 2024-10-15 15:12:09.771901+00:00
[2024-10-15T15:12:11.919+0000] {logging_mixin.py:190} WARNING - /home/***/.local/lib/python3.12/site-packages/***/task/task_runner/standard_task_runner.py:70 DeprecationWarning: This process (pid=859) is multi-threaded, use of fork() may lead to deadlocks in the child.
[2024-10-15T15:12:11.921+0000] {standard_task_runner.py:72} INFO - Started process 860 to run task
[2024-10-15T15:12:11.919+0000] {standard_task_runner.py:104} INFO - Running: ['***', 'tasks', 'run', 'DAG_Airflow__Ni_Hao_Ma', 'ni_hao_ma', 'manual__2024-10-15T15:12:09.771901+00:00', '--job-id', '4', '--raw', '--subdir', 'DAGS_FOLDER/DAG_Airflow_test_01.py', '--cfg-path', '/tmp/tmp6b7snl4i']
[2024-10-15T15:12:11.923+0000] {standard_task_runner.py:105} INFO - Job 4: Subtask ni_hao_ma
[2024-10-15T15:12:11.934+0000] {logging_mixin.py:190} WARNING - /home/***/.local/lib/python3.12/site-packages/***/settings.py:209 DeprecationWarning: The sql_alchemy_conn option in [core] has been moved to the sql_alchemy_conn option in [database] - the old setting has been used, but please update your config.
[2024-10-15T15:12:11.960+0000] {task_command.py:467} INFO - Running <TaskInstance: DAG_Airflow__Ni_Hao_Ma.ni_hao_ma manual__2024-10-15T15:12:09.771901+00:00 [running]> on host fde4844d93b8
[2024-10-15T15:12:12.009+0000] {taskinstance.py:3131} INFO - Exporting env vars: AIRFLOW_CTX_DAG_OWNER='de@***' AIRFLOW_CTX_DAG_ID='DAG_Airflow__Ni_Hao_Ma' AIRFLOW_CTX_TASK_ID='ni_hao_ma' AIRFLOW_CTX_EXECUTION_DATE='2024-10-15T15:12:09.771901+00:00' AIRFLOW_CTX_TRY_NUMBER='1' AIRFLOW_CTX_DAG_RUN_ID='manual__2024-10-15T15:12:09.771901+00:00'
[2024-10-15T15:12:12.011+0000] {taskinstance.py:731} INFO - ::endgroup::
[2024-10-15T15:12:12.013+0000] {subprocess.py:63} INFO - Tmp dir root location: /tmp
[2024-10-15T15:12:12.015+0000] {subprocess.py:75} INFO - Running command: ['/usr/bin/bash', '-c', "echo 'Ni Hao Ma?' Airflow 2.10.2 2024-10-15"]
[2024-10-15T15:12:12.021+0000] {subprocess.py:86} INFO - Output:
[2024-10-15T15:12:12.023+0000] {subprocess.py:93} INFO - Ni Hao Ma? Airflow 2.10.2 2024-10-15
[2024-10-15T15:12:12.024+0000] {subprocess.py:97} INFO - Command exited with return code 0
[2024-10-15T15:12:12.041+0000] {taskinstance.py:340} INFO - ::group::Post task execution logs
[2024-10-15T15:12:12.042+0000] {taskinstance.py:352} INFO - Marking task as SUCCESS. dag_id=DAG_Airflow__Ni_Hao_Ma, task_id=ni_hao_ma, run_id=manual__2024-10-15T15:12:09.771901+00:00, execution_date=20241015T151209, start_date=20241015T151211, end_date=20241015T151212
[2024-10-15T15:12:12.057+0000] {local_task_job_runner.py:266} INFO - Task exited with return code 0
[2024-10-15T15:12:12.085+0000] {taskinstance.py:3900} INFO - 1 downstream tasks scheduled from follow-on schedule check
[2024-10-15T15:12:12.088+0000] {local_task_job_runner.py:245} INFO - ::endgroup::
