[2024-10-15T04:02:24.691+0000] {local_task_job_runner.py:123} INFO - ::group::Pre task execution logs
[2024-10-15T04:02:24.709+0000] {taskinstance.py:2612} INFO - Dependencies all met for dep_context=non-requeueable deps ti=<TaskInstance: DAG_Airflow__Ni_Hao_Ma.wo_hen_hao manual__2024-10-15T04:02:21.879619+00:00 [queued]>
[2024-10-15T04:02:24.719+0000] {taskinstance.py:2612} INFO - Dependencies all met for dep_context=requeueable deps ti=<TaskInstance: DAG_Airflow__Ni_Hao_Ma.wo_hen_hao manual__2024-10-15T04:02:21.879619+00:00 [queued]>
[2024-10-15T04:02:24.720+0000] {taskinstance.py:2865} INFO - Starting attempt 1 of 2
[2024-10-15T04:02:24.737+0000] {taskinstance.py:2888} INFO - Executing <Task(BashOperator): wo_hen_hao> on 2024-10-15 04:02:21.879619+00:00
[2024-10-15T04:02:24.744+0000] {logging_mixin.py:190} WARNING - /home/***/.local/lib/python3.12/site-packages/***/task/task_runner/standard_task_runner.py:70 DeprecationWarning: This process (pid=1848) is multi-threaded, use of fork() may lead to deadlocks in the child.
[2024-10-15T04:02:24.746+0000] {standard_task_runner.py:72} INFO - Started process 1849 to run task
[2024-10-15T04:02:24.746+0000] {standard_task_runner.py:104} INFO - Running: ['***', 'tasks', 'run', 'DAG_Airflow__Ni_Hao_Ma', 'wo_hen_hao', 'manual__2024-10-15T04:02:21.879619+00:00', '--job-id', '8', '--raw', '--subdir', 'DAGS_FOLDER/DAG_Airflow_test_01.py', '--cfg-path', '/tmp/tmpz1_i1l7c']
[2024-10-15T04:02:24.748+0000] {standard_task_runner.py:105} INFO - Job 8: Subtask wo_hen_hao
[2024-10-15T04:02:24.769+0000] {logging_mixin.py:190} WARNING - /home/***/.local/lib/python3.12/site-packages/***/settings.py:209 DeprecationWarning: The sql_alchemy_conn option in [core] has been moved to the sql_alchemy_conn option in [database] - the old setting has been used, but please update your config.
[2024-10-15T04:02:24.807+0000] {task_command.py:467} INFO - Running <TaskInstance: DAG_Airflow__Ni_Hao_Ma.wo_hen_hao manual__2024-10-15T04:02:21.879619+00:00 [running]> on host c8eca7e310e3
[2024-10-15T04:02:24.894+0000] {taskinstance.py:3131} INFO - Exporting env vars: AIRFLOW_CTX_DAG_OWNER='de@***' AIRFLOW_CTX_DAG_ID='DAG_Airflow__Ni_Hao_Ma' AIRFLOW_CTX_TASK_ID='wo_hen_hao' AIRFLOW_CTX_EXECUTION_DATE='2024-10-15T04:02:21.879619+00:00' AIRFLOW_CTX_TRY_NUMBER='1' AIRFLOW_CTX_DAG_RUN_ID='manual__2024-10-15T04:02:21.879619+00:00'
[2024-10-15T04:02:24.896+0000] {taskinstance.py:731} INFO - ::endgroup::
[2024-10-15T04:02:24.915+0000] {subprocess.py:63} INFO - Tmp dir root location: /tmp
[2024-10-15T04:02:24.917+0000] {subprocess.py:75} INFO - Running command: ['/usr/bin/bash', '-c', "echo 'Wo Hen Hao!' Airflow 2.10.2 2024-10-15"]
[2024-10-15T04:02:24.926+0000] {subprocess.py:86} INFO - Output:
[2024-10-15T04:02:24.929+0000] {subprocess.py:93} INFO - Wo Hen Hao! Airflow 2.10.2 2024-10-15
[2024-10-15T04:02:24.931+0000] {subprocess.py:97} INFO - Command exited with return code 0
[2024-10-15T04:02:24.955+0000] {taskinstance.py:340} INFO - ::group::Post task execution logs
[2024-10-15T04:02:24.956+0000] {taskinstance.py:352} INFO - Marking task as SUCCESS. dag_id=DAG_Airflow__Ni_Hao_Ma, task_id=wo_hen_hao, run_id=manual__2024-10-15T04:02:21.879619+00:00, execution_date=20241015T040221, start_date=20241015T040224, end_date=20241015T040224
[2024-10-15T04:02:25.010+0000] {local_task_job_runner.py:266} INFO - Task exited with return code 0
[2024-10-15T04:02:25.032+0000] {taskinstance.py:3900} INFO - 0 downstream tasks scheduled from follow-on schedule check
[2024-10-15T04:02:25.035+0000] {local_task_job_runner.py:245} INFO - ::endgroup::
