[2024-10-15T08:40:57.691+0000] {local_task_job_runner.py:123} INFO - ::group::Pre task execution logs
[2024-10-15T08:40:57.710+0000] {taskinstance.py:2612} INFO - Dependencies all met for dep_context=non-requeueable deps ti=<TaskInstance: DAG_Airflow__Ni_Hao_Ma.wo_hen_hao manual__2024-10-15T08:40:54.024810+00:00 [queued]>
[2024-10-15T08:40:57.725+0000] {taskinstance.py:2612} INFO - Dependencies all met for dep_context=requeueable deps ti=<TaskInstance: DAG_Airflow__Ni_Hao_Ma.wo_hen_hao manual__2024-10-15T08:40:54.024810+00:00 [queued]>
[2024-10-15T08:40:57.727+0000] {taskinstance.py:2865} INFO - Starting attempt 1 of 2
[2024-10-15T08:40:57.743+0000] {taskinstance.py:2888} INFO - Executing <Task(BashOperator): wo_hen_hao> on 2024-10-15 08:40:54.024810+00:00
[2024-10-15T08:40:57.752+0000] {logging_mixin.py:190} WARNING - /home/***/.local/lib/python3.12/site-packages/***/task/task_runner/standard_task_runner.py:70 DeprecationWarning: This process (pid=14661) is multi-threaded, use of fork() may lead to deadlocks in the child.
[2024-10-15T08:40:57.753+0000] {standard_task_runner.py:104} INFO - Running: ['***', 'tasks', 'run', 'DAG_Airflow__Ni_Hao_Ma', 'wo_hen_hao', 'manual__2024-10-15T08:40:54.024810+00:00', '--job-id', '20', '--raw', '--subdir', 'DAGS_FOLDER/DAG_Airflow_test_01.py', '--cfg-path', '/tmp/tmpk6f49trr']
[2024-10-15T08:40:57.757+0000] {standard_task_runner.py:72} INFO - Started process 14662 to run task
[2024-10-15T08:40:57.758+0000] {standard_task_runner.py:105} INFO - Job 20: Subtask wo_hen_hao
[2024-10-15T08:40:57.778+0000] {logging_mixin.py:190} WARNING - /home/***/.local/lib/python3.12/site-packages/***/settings.py:209 DeprecationWarning: The sql_alchemy_conn option in [core] has been moved to the sql_alchemy_conn option in [database] - the old setting has been used, but please update your config.
[2024-10-15T08:40:57.818+0000] {task_command.py:467} INFO - Running <TaskInstance: DAG_Airflow__Ni_Hao_Ma.wo_hen_hao manual__2024-10-15T08:40:54.024810+00:00 [running]> on host c8eca7e310e3
[2024-10-15T08:40:57.914+0000] {taskinstance.py:3131} INFO - Exporting env vars: AIRFLOW_CTX_DAG_OWNER='de@***' AIRFLOW_CTX_DAG_ID='DAG_Airflow__Ni_Hao_Ma' AIRFLOW_CTX_TASK_ID='wo_hen_hao' AIRFLOW_CTX_EXECUTION_DATE='2024-10-15T08:40:54.024810+00:00' AIRFLOW_CTX_TRY_NUMBER='1' AIRFLOW_CTX_DAG_RUN_ID='manual__2024-10-15T08:40:54.024810+00:00'
[2024-10-15T08:40:57.917+0000] {taskinstance.py:731} INFO - ::endgroup::
[2024-10-15T08:40:57.923+0000] {subprocess.py:63} INFO - Tmp dir root location: /tmp
[2024-10-15T08:40:57.925+0000] {subprocess.py:75} INFO - Running command: ['/usr/bin/bash', '-c', "echo 'Wo Hen Hao!' Airflow 2.10.2 2024-10-15"]
[2024-10-15T08:40:57.934+0000] {subprocess.py:86} INFO - Output:
[2024-10-15T08:40:57.937+0000] {subprocess.py:93} INFO - Wo Hen Hao! Airflow 2.10.2 2024-10-15
[2024-10-15T08:40:57.939+0000] {subprocess.py:97} INFO - Command exited with return code 0
[2024-10-15T08:40:57.967+0000] {taskinstance.py:340} INFO - ::group::Post task execution logs
[2024-10-15T08:40:57.968+0000] {taskinstance.py:352} INFO - Marking task as SUCCESS. dag_id=DAG_Airflow__Ni_Hao_Ma, task_id=wo_hen_hao, run_id=manual__2024-10-15T08:40:54.024810+00:00, execution_date=20241015T084054, start_date=20241015T084057, end_date=20241015T084057
[2024-10-15T08:40:58.020+0000] {local_task_job_runner.py:266} INFO - Task exited with return code 0
[2024-10-15T08:40:58.060+0000] {taskinstance.py:3900} INFO - 0 downstream tasks scheduled from follow-on schedule check
[2024-10-15T08:40:58.066+0000] {local_task_job_runner.py:245} INFO - ::endgroup::
